# JRE version: OpenJDK Runtime Environment Temurin-17.0.4.1+1 (17.0.4.1+1) (build 17.0.4.1+1)
# Java VM: OpenJDK 64-Bit Server VM Temurin-17.0.4.1+1 (17.0.4.1+1, mixed mode, tiered, compressed oops, compressed class ptrs, g1 gc, windows-amd64)
GC Precious Log:
 CPUs: 8 total, 8 available
 Memory: 8057M
 Large Page Support: Disabled
 NUMA Support: Disabled
 Compressed Oops: Enabled (32-bit)
 Heap Region Size: 1M
 Heap Min Capacity: 8M
 Heap Initial Capacity: 126M
 Heap Max Capacity: 2016M
 Pre-touch: Disabled
 Parallel Workers: 8
 Concurrent Workers: 2
 Concurrent Refinement Workers: 8
 Periodic GC: Disabled
Heap:
 garbage-first heap   total 40960K, used 13748K [0x0000000082000000, 0x0000000100000000)
  region size 1024K, 3 young (3072K), 2 survivors (2048K)
 Metaspace       used 28256K, committed 28544K, reserved 1081344K
  class space    used 3254K, committed 3392K, reserved 1048576K
GC Heap History (10 events):
Event: 1.854 GC heap before
{Heap before GC invocations=0 (full 0):
 garbage-first heap   total 129024K, used 23552K [0x0000000082000000, 0x0000000100000000)
  region size 1024K, 23 young (23552K), 0 survivors (0K)
 Metaspace       used 13698K, committed 13888K, reserved 1064960K
  class space    used 1381K, committed 1472K, reserved 1048576K
}
Event: 1.871 GC heap after
{Heap after GC invocations=1 (full 0):
 garbage-first heap   total 129024K, used 7863K [0x0000000082000000, 0x0000000100000000)
  region size 1024K, 3 young (3072K), 3 survivors (3072K)
 Metaspace       used 13698K, committed 13888K, reserved 1064960K
  class space    used 1381K, committed 1472K, reserved 1048576K
}
Event: 3.665 GC heap before
{Heap before GC invocations=1 (full 0):
 garbage-first heap   total 129024K, used 34487K [0x0000000082000000, 0x0000000100000000)
  region size 1024K, 29 young (29696K), 3 survivors (3072K)
 Metaspace       used 20150K, committed 20352K, reserved 1073152K
  class space    used 2339K, committed 2432K, reserved 1048576K
}
Event: 3.673 GC heap after
{Heap after GC invocations=2 (full 0):
 garbage-first heap   total 129024K, used 10030K [0x0000000082000000, 0x0000000100000000)
  region size 1024K, 3 young (3072K), 3 survivors (3072K)
 Metaspace       used 20150K, committed 20352K, reserved 1073152K
  class space    used 2339K, committed 2432K, reserved 1048576K
}
Event: 3.755 GC heap before
{Heap before GC invocations=2 (full 0):
 garbage-first heap   total 129024K, used 13102K [0x0000000082000000, 0x0000000100000000)
  region size 1024K, 7 young (7168K), 3 survivors (3072K)
 Metaspace       used 21332K, committed 21504K, reserved 1073152K
  class space    used 2469K, committed 2560K, reserved 1048576K
}
Event: 3.759 GC heap after
{Heap after GC invocations=3 (full 0):
 garbage-first heap   total 129024K, used 10223K [0x0000000082000000, 0x0000000100000000)
  region size 1024K, 3 young (3072K), 3 survivors (3072K)
 Metaspace       used 21332K, committed 21504K, reserved 1073152K
  class space    used 2469K, committed 2560K, reserved 1048576K
}
Event: 5.284 GC heap before
{Heap before GC invocations=4 (full 0):
 garbage-first heap   total 40960K, used 29679K [0x0000000082000000, 0x0000000100000000)
  region size 1024K, 23 young (23552K), 3 survivors (3072K)
 Metaspace       used 26322K, committed 26624K, reserved 1073152K
  class space    used 3044K, committed 3200K, reserved 1048576K
}
Event: 5.291 GC heap after
{Heap after GC invocations=5 (full 0):
 garbage-first heap   total 40960K, used 11814K [0x0000000082000000, 0x0000000100000000)
  region size 1024K, 2 young (2048K), 2 survivors (2048K)
 Metaspace       used 26322K, committed 26624K, reserved 1073152K
  class space    used 3044K, committed 3200K, reserved 1048576K
}
Event: 5.728 GC heap before
{Heap before GC invocations=5 (full 0):
 garbage-first heap   total 40960K, used 12838K [0x0000000082000000, 0x0000000100000000)
  region size 1024K, 3 young (3072K), 2 survivors (2048K)
 Metaspace       used 26383K, committed 26688K, reserved 1073152K
  class space    used 3049K, committed 3200K, reserved 1048576K
}
Event: 5.734 GC heap after
{Heap after GC invocations=6 (full 0):
 garbage-first heap   total 40960K, used 12095K [0x0000000082000000, 0x0000000100000000)
  region size 1024K, 1 young (1024K), 1 survivors (1024K)
 Metaspace       used 26383K, committed 26688K, reserved 1073152K
  class space    used 3049K, committed 3200K, reserved 1048576K
}

