# JRE version: OpenJDK Runtime Environment Temurin-17.0.4.1+1 (17.0.4.1+1) (build 17.0.4.1+1)
# Java VM: OpenJDK 64-Bit Server VM Temurin-17.0.4.1+1 (17.0.4.1+1, mixed mode, tiered, compressed oops, compressed class ptrs, g1 gc, windows-amd64)
GC Precious Log:
 CPUs: 8 total, 8 available
 Memory: 8057M
 Large Page Support: Disabled
 NUMA Support: Disabled
 Compressed Oops: Enabled (32-bit)
 Heap Region Size: 1M
 Heap Min Capacity: 8M
 Heap Initial Capacity: 126M
 Heap Max Capacity: 2016M
 Pre-touch: Disabled
 Parallel Workers: 8
 Concurrent Workers: 2
 Concurrent Refinement Workers: 8
 Periodic GC: Disabled
Heap:
 garbage-first heap   total 89088K, used 43718K [0x0000000082000000, 0x0000000100000000)
  region size 1024K, 14 young (14336K), 6 survivors (6144K)
 Metaspace       used 77647K, committed 78208K, reserved 1122304K
  class space    used 9965K, committed 10240K, reserved 1048576K
GC Heap History (20 events):
Event: 12.780 GC heap before
{Heap before GC invocations=13 (full 0):
 garbage-first heap   total 61440K, used 48093K [0x0000000082000000, 0x0000000100000000)
  region size 1024K, 27 young (27648K), 2 survivors (2048K)
 Metaspace       used 52413K, committed 52800K, reserved 1097728K
  class space    used 6535K, committed 6720K, reserved 1048576K
}
Event: 12.797 GC heap after
{Heap after GC invocations=14 (full 0):
 garbage-first heap   total 61440K, used 24100K [0x0000000082000000, 0x0000000100000000)
  region size 1024K, 4 young (4096K), 4 survivors (4096K)
 Metaspace       used 52413K, committed 52800K, reserved 1097728K
  class space    used 6535K, committed 6720K, reserved 1048576K
}
Event: 13.882 GC heap before
{Heap before GC invocations=14 (full 0):
 garbage-first heap   total 61440K, used 46628K [0x0000000082000000, 0x0000000100000000)
  region size 1024K, 27 young (27648K), 4 survivors (4096K)
 Metaspace       used 56961K, committed 57408K, reserved 1105920K
  class space    used 7212K, committed 7424K, reserved 1048576K
}
Event: 13.899 GC heap after
{Heap after GC invocations=15 (full 0):
 garbage-first heap   total 61440K, used 25221K [0x0000000082000000, 0x0000000100000000)
  region size 1024K, 3 young (3072K), 3 survivors (3072K)
 Metaspace       used 56961K, committed 57408K, reserved 1105920K
  class space    used 7212K, committed 7424K, reserved 1048576K
}
Event: 14.399 GC heap before
{Heap before GC invocations=15 (full 0):
 garbage-first heap   total 61440K, used 36485K [0x0000000082000000, 0x0000000100000000)
  region size 1024K, 16 young (16384K), 3 survivors (3072K)
 Metaspace       used 59955K, committed 60288K, reserved 1105920K
  class space    used 7704K, committed 7872K, reserved 1048576K
}
Event: 14.413 GC heap after
{Heap after GC invocations=16 (full 0):
 garbage-first heap   total 73728K, used 25823K [0x0000000082000000, 0x0000000100000000)
  region size 1024K, 2 young (2048K), 2 survivors (2048K)
 Metaspace       used 59955K, committed 60288K, reserved 1105920K
  class space    used 7704K, committed 7872K, reserved 1048576K
}
Event: 15.577 GC heap before
{Heap before GC invocations=17 (full 0):
 garbage-first heap   total 73728K, used 57567K [0x0000000082000000, 0x0000000100000000)
  region size 1024K, 33 young (33792K), 2 survivors (2048K)
 Metaspace       used 62890K, committed 63296K, reserved 1105920K
  class space    used 8142K, committed 8320K, reserved 1048576K
}
Event: 15.591 GC heap after
{Heap after GC invocations=18 (full 0):
 garbage-first heap   total 73728K, used 26945K [0x0000000082000000, 0x0000000100000000)
  region size 1024K, 3 young (3072K), 3 survivors (3072K)
 Metaspace       used 62890K, committed 63296K, reserved 1105920K
  class space    used 8142K, committed 8320K, reserved 1048576K
}
Event: 16.791 GC heap before
{Heap before GC invocations=18 (full 0):
 garbage-first heap   total 73728K, used 58689K [0x0000000082000000, 0x0000000100000000)
  region size 1024K, 34 young (34816K), 3 survivors (3072K)
 Metaspace       used 67759K, committed 68224K, reserved 1114112K
  class space    used 8798K, committed 9024K, reserved 1048576K
}
Event: 16.809 GC heap after
{Heap after GC invocations=19 (full 0):
 garbage-first heap   total 73728K, used 29447K [0x0000000082000000, 0x0000000100000000)
  region size 1024K, 5 young (5120K), 5 survivors (5120K)
 Metaspace       used 67759K, committed 68224K, reserved 1114112K
  class space    used 8798K, committed 9024K, reserved 1048576K
}
Event: 17.278 GC heap before
{Heap before GC invocations=19 (full 0):
 garbage-first heap   total 73728K, used 58119K [0x0000000082000000, 0x0000000100000000)
  region size 1024K, 33 young (33792K), 5 survivors (5120K)
 Metaspace       used 68626K, committed 69120K, reserved 1114112K
  class space    used 8904K, committed 9152K, reserved 1048576K
}
Event: 17.285 GC heap after
{Heap after GC invocations=20 (full 0):
 garbage-first heap   total 73728K, used 31162K [0x0000000082000000, 0x0000000100000000)
  region size 1024K, 5 young (5120K), 5 survivors (5120K)
 Metaspace       used 68626K, committed 69120K, reserved 1114112K
  class space    used 8904K, committed 9152K, reserved 1048576K
}
Event: 17.521 GC heap before
{Heap before GC invocations=20 (full 0):
 garbage-first heap   total 73728K, used 57786K [0x0000000082000000, 0x0000000100000000)
  region size 1024K, 31 young (31744K), 5 survivors (5120K)
 Metaspace       used 68791K, committed 69312K, reserved 1114112K
  class space    used 8918K, committed 9152K, reserved 1048576K
}
Event: 17.527 GC heap after
{Heap after GC invocations=21 (full 0):
 garbage-first heap   total 73728K, used 31408K [0x0000000082000000, 0x0000000100000000)
  region size 1024K, 3 young (3072K), 3 survivors (3072K)
 Metaspace       used 68791K, committed 69312K, reserved 1114112K
  class space    used 8918K, committed 9152K, reserved 1048576K
}
Event: 18.179 GC heap before
{Heap before GC invocations=21 (full 0):
 garbage-first heap   total 73728K, used 59056K [0x0000000082000000, 0x0000000100000000)
  region size 1024K, 30 young (30720K), 3 survivors (3072K)
 Metaspace       used 69318K, committed 69824K, reserved 1114112K
  class space    used 8965K, committed 9216K, reserved 1048576K
}
Event: 18.185 GC heap after
{Heap after GC invocations=22 (full 0):
 garbage-first heap   total 89088K, used 31949K [0x0000000082000000, 0x0000000100000000)
  region size 1024K, 3 young (3072K), 3 survivors (3072K)
 Metaspace       used 69318K, committed 69824K, reserved 1114112K
  class space    used 8965K, committed 9216K, reserved 1048576K
}
Event: 18.680 GC heap before
{Heap before GC invocations=22 (full 0):
 garbage-first heap   total 89088K, used 71885K [0x0000000082000000, 0x0000000100000000)
  region size 1024K, 42 young (43008K), 3 survivors (3072K)
 Metaspace       used 69770K, committed 70272K, reserved 1114112K
  class space    used 9007K, committed 9280K, reserved 1048576K
}
Event: 18.686 GC heap after
{Heap after GC invocations=23 (full 0):
 garbage-first heap   total 89088K, used 32888K [0x0000000082000000, 0x0000000100000000)
  region size 1024K, 4 young (4096K), 4 survivors (4096K)
 Metaspace       used 69770K, committed 70272K, reserved 1114112K
  class space    used 9007K, committed 9280K, reserved 1048576K
}
Event: 22.884 GC heap before
{Heap before GC invocations=23 (full 0):
 garbage-first heap   total 89088K, used 73848K [0x0000000082000000, 0x0000000100000000)
  region size 1024K, 45 young (46080K), 4 survivors (4096K)
 Metaspace       used 76814K, committed 77376K, reserved 1122304K
  class space    used 9841K, committed 10112K, reserved 1048576K
}
Event: 22.896 GC heap after
{Heap after GC invocations=24 (full 0):
 garbage-first heap   total 89088K, used 36550K [0x0000000082000000, 0x0000000100000000)
  region size 1024K, 6 young (6144K), 6 survivors (6144K)
 Metaspace       used 76814K, committed 77376K, reserved 1122304K
  class space    used 9841K, committed 10112K, reserved 1048576K
}

