# JRE version: OpenJDK Runtime Environment Temurin-17.0.4.1+1 (17.0.4.1+1) (build 17.0.4.1+1)
# Java VM: OpenJDK 64-Bit Server VM Temurin-17.0.4.1+1 (17.0.4.1+1, mixed mode, tiered, compressed oops, compressed class ptrs, g1 gc, windows-amd64)
GC Precious Log:
 CPUs: 8 total, 8 available
 Memory: 8057M
 Large Page Support: Disabled
 NUMA Support: Disabled
 Compressed Oops: Enabled (32-bit)
 Heap Region Size: 1M
 Heap Min Capacity: 8M
 Heap Initial Capacity: 126M
 Heap Max Capacity: 2016M
 Pre-touch: Disabled
 Parallel Workers: 8
 Concurrent Workers: 2
 Concurrent Refinement Workers: 8
 Periodic GC: Disabled
Heap:
 garbage-first heap   total 78848K, used 59355K [0x0000000082000000, 0x0000000100000000)
  region size 1024K, 19 young (19456K), 1 survivors (1024K)
 Metaspace       used 87618K, committed 88256K, reserved 1130496K
  class space    used 11388K, committed 11712K, reserved 1048576K
GC Heap History (20 events):
Event: 7.673 GC heap before
{Heap before GC invocations=19 (full 0):
 garbage-first heap   total 65536K, used 51203K [0x0000000082000000, 0x0000000100000000)
  region size 1024K, 26 young (26624K), 4 survivors (4096K)
 Metaspace       used 68551K, committed 68992K, reserved 1114112K
  class space    used 8920K, committed 9152K, reserved 1048576K
}
Event: 7.678 GC heap after
{Heap after GC invocations=20 (full 0):
 garbage-first heap   total 65536K, used 30899K [0x0000000082000000, 0x0000000100000000)
  region size 1024K, 2 young (2048K), 2 survivors (2048K)
 Metaspace       used 68551K, committed 68992K, reserved 1114112K
  class space    used 8920K, committed 9152K, reserved 1048576K
}
Event: 7.878 GC heap before
{Heap before GC invocations=20 (full 0):
 garbage-first heap   total 65536K, used 51379K [0x0000000082000000, 0x0000000100000000)
  region size 1024K, 22 young (22528K), 2 survivors (2048K)
 Metaspace       used 69006K, committed 69504K, reserved 1114112K
  class space    used 8969K, committed 9216K, reserved 1048576K
}
Event: 7.882 GC heap after
{Heap after GC invocations=21 (full 0):
 garbage-first heap   total 78848K, used 31932K [0x0000000082000000, 0x0000000100000000)
  region size 1024K, 3 young (3072K), 3 survivors (3072K)
 Metaspace       used 69006K, committed 69504K, reserved 1114112K
  class space    used 8969K, committed 9216K, reserved 1048576K
}
Event: 8.101 GC heap before
{Heap before GC invocations=22 (full 0):
 garbage-first heap   total 78848K, used 61628K [0x0000000082000000, 0x0000000100000000)
  region size 1024K, 32 young (32768K), 3 survivors (3072K)
 Metaspace       used 69143K, committed 69632K, reserved 1114112K
  class space    used 8987K, committed 9216K, reserved 1048576K
}
Event: 8.104 GC heap after
{Heap after GC invocations=23 (full 0):
 garbage-first heap   total 78848K, used 32657K [0x0000000082000000, 0x0000000100000000)
  region size 1024K, 2 young (2048K), 2 survivors (2048K)
 Metaspace       used 69143K, committed 69632K, reserved 1114112K
  class space    used 8987K, committed 9216K, reserved 1048576K
}
Event: 8.300 GC heap before
{Heap before GC invocations=23 (full 0):
 garbage-first heap   total 78848K, used 64401K [0x0000000082000000, 0x0000000100000000)
  region size 1024K, 33 young (33792K), 2 survivors (2048K)
 Metaspace       used 69416K, committed 69888K, reserved 1114112K
  class space    used 9018K, committed 9280K, reserved 1048576K
}
Event: 8.302 GC heap after
{Heap after GC invocations=24 (full 0):
 garbage-first heap   total 78848K, used 33123K [0x0000000082000000, 0x0000000100000000)
  region size 1024K, 3 young (3072K), 3 survivors (3072K)
 Metaspace       used 69416K, committed 69888K, reserved 1114112K
  class space    used 9018K, committed 9280K, reserved 1048576K
}
Event: 8.429 GC heap before
{Heap before GC invocations=24 (full 0):
 garbage-first heap   total 78848K, used 63843K [0x0000000082000000, 0x0000000100000000)
  region size 1024K, 33 young (33792K), 3 survivors (3072K)
 Metaspace       used 69678K, committed 70208K, reserved 1114112K
  class space    used 9034K, committed 9280K, reserved 1048576K
}
Event: 8.433 GC heap after
{Heap after GC invocations=25 (full 0):
 garbage-first heap   total 78848K, used 33611K [0x0000000082000000, 0x0000000100000000)
  region size 1024K, 3 young (3072K), 3 survivors (3072K)
 Metaspace       used 69678K, committed 70208K, reserved 1114112K
  class space    used 9034K, committed 9280K, reserved 1048576K
}
Event: 9.904 GC heap before
{Heap before GC invocations=25 (full 0):
 garbage-first heap   total 78848K, used 64331K [0x0000000082000000, 0x0000000100000000)
  region size 1024K, 34 young (34816K), 3 survivors (3072K)
 Metaspace       used 75046K, committed 75584K, reserved 1122304K
  class space    used 9620K, committed 9856K, reserved 1048576K
}
Event: 9.908 GC heap after
{Heap after GC invocations=26 (full 0):
 garbage-first heap   total 78848K, used 36448K [0x0000000082000000, 0x0000000100000000)
  region size 1024K, 5 young (5120K), 5 survivors (5120K)
 Metaspace       used 75046K, committed 75584K, reserved 1122304K
  class space    used 9620K, committed 9856K, reserved 1048576K
}
Event: 10.694 GC heap before
{Heap before GC invocations=26 (full 0):
 garbage-first heap   total 78848K, used 63072K [0x0000000082000000, 0x0000000100000000)
  region size 1024K, 31 young (31744K), 5 survivors (5120K)
 Metaspace       used 77558K, committed 78080K, reserved 1122304K
  class space    used 9973K, committed 10240K, reserved 1048576K
}
Event: 10.700 GC heap after
{Heap after GC invocations=27 (full 0):
 garbage-first heap   total 78848K, used 38362K [0x0000000082000000, 0x0000000100000000)
  region size 1024K, 3 young (3072K), 3 survivors (3072K)
 Metaspace       used 77558K, committed 78080K, reserved 1122304K
  class space    used 9973K, committed 10240K, reserved 1048576K
}
Event: 1912.747 GC heap before
{Heap before GC invocations=27 (full 0):
 garbage-first heap   total 78848K, used 61914K [0x0000000082000000, 0x0000000100000000)
  region size 1024K, 27 young (27648K), 3 survivors (3072K)
 Metaspace       used 80790K, committed 81408K, reserved 1122304K
  class space    used 10395K, committed 10688K, reserved 1048576K
}
Event: 1912.751 GC heap after
{Heap after GC invocations=28 (full 0):
 garbage-first heap   total 78848K, used 40932K [0x0000000082000000, 0x0000000100000000)
  region size 1024K, 4 young (4096K), 4 survivors (4096K)
 Metaspace       used 80790K, committed 81408K, reserved 1122304K
  class space    used 10395K, committed 10688K, reserved 1048576K
}
Event: 1914.630 GC heap before
{Heap before GC invocations=29 (full 0):
 garbage-first heap   total 78848K, used 62436K [0x0000000082000000, 0x0000000100000000)
  region size 1024K, 26 young (26624K), 4 survivors (4096K)
 Metaspace       used 84913K, committed 85504K, reserved 1130496K
  class space    used 11107K, committed 11392K, reserved 1048576K
}
Event: 1914.634 GC heap after
{Heap after GC invocations=30 (full 0):
 garbage-first heap   total 78848K, used 42348K [0x0000000082000000, 0x0000000100000000)
  region size 1024K, 2 young (2048K), 2 survivors (2048K)
 Metaspace       used 84913K, committed 85504K, reserved 1130496K
  class space    used 11107K, committed 11392K, reserved 1048576K
}
Event: 1914.640 GC heap before
{Heap before GC invocations=30 (full 0):
 garbage-first heap   total 78848K, used 42348K [0x0000000082000000, 0x0000000100000000)
  region size 1024K, 3 young (3072K), 2 survivors (2048K)
 Metaspace       used 84955K, committed 85504K, reserved 1130496K
  class space    used 11115K, committed 11392K, reserved 1048576K
}
Event: 1914.643 GC heap after
{Heap after GC invocations=31 (full 0):
 garbage-first heap   total 78848K, used 41947K [0x0000000082000000, 0x0000000100000000)
  region size 1024K, 1 young (1024K), 1 survivors (1024K)
 Metaspace       used 84955K, committed 85504K, reserved 1130496K
  class space    used 11115K, committed 11392K, reserved 1048576K
}

